<?xml version="1.0" encoding="UTF-8"?>
<testsuite xmlns:xsi="http://www.w3.org/2001/XMLSchema-instance" xsi:noNamespaceSchemaLocation="https://maven.apache.org/surefire/maven-surefire-plugin/xsd/surefire-test-report.xsd" version="3.0.1" name="TestSuite" time="249.213" tests="14" errors="0" skipped="0" failures="0">
  <properties>
    <property name="java.specification.version" value="17"/>
    <property name="webdriver.chrome.driver" value="C:\Users\siree\.cache\selenium\chromedriver\win64\139.0.7258.154\chromedriver.exe"/>
    <property name="sun.cpu.isalist" value="amd64"/>
    <property name="sun.jnu.encoding" value="Cp1252"/>
    <property name="java.class.path" value="D:\Wipro\CapstoneBDD\target\test-classes;D:\Wipro\CapstoneBDD\target\classes;C:\Users\siree\.m2\repository\io\cucumber\cucumber-junit\6.11.0\cucumber-junit-6.11.0.jar;C:\Users\siree\.m2\repository\org\apiguardian\apiguardian-api\1.1.2\apiguardian-api-1.1.2.jar;C:\Users\siree\.m2\repository\io\cucumber\cucumber-core\6.11.0\cucumber-core-6.11.0.jar;C:\Users\siree\.m2\repository\io\cucumber\cucumber-gherkin\6.11.0\cucumber-gherkin-6.11.0.jar;C:\Users\siree\.m2\repository\io\cucumber\cucumber-gherkin-messages\6.11.0\cucumber-gherkin-messages-6.11.0.jar;C:\Users\siree\.m2\repository\io\cucumber\messages\15.0.0\messages-15.0.0.jar;C:\Users\siree\.m2\repository\io\cucumber\tag-expressions\3.0.1\tag-expressions-3.0.1.jar;C:\Users\siree\.m2\repository\io\cucumber\cucumber-expressions\10.3.0\cucumber-expressions-10.3.0.jar;C:\Users\siree\.m2\repository\io\cucumber\datatable\3.5.0\datatable-3.5.0.jar;C:\Users\siree\.m2\repository\io\cucumber\cucumber-plugin\6.11.0\cucumber-plugin-6.11.0.jar;C:\Users\siree\.m2\repository\io\cucumber\docstring\6.11.0\docstring-6.11.0.jar;C:\Users\siree\.m2\repository\io\cucumber\html-formatter\13.0.0\html-formatter-13.0.0.jar;C:\Users\siree\.m2\repository\io\cucumber\create-meta\4.0.0\create-meta-4.0.0.jar;C:\Users\siree\.m2\repository\io\cucumber\cucumber-java\6.11.0\cucumber-java-6.11.0.jar;C:\Users\siree\.m2\repository\org\testng\testng\7.8.0\testng-7.8.0.jar;C:\Users\siree\.m2\repository\org\slf4j\slf4j-api\1.7.36\slf4j-api-1.7.36.jar;C:\Users\siree\.m2\repository\com\beust\jcommander\1.82\jcommander-1.82.jar;C:\Users\siree\.m2\repository\org\webjars\jquery\3.6.1\jquery-3.6.1.jar;C:\Users\siree\.m2\repository\org\seleniumhq\selenium\selenium-java\4.31.0\selenium-java-4.31.0.jar;C:\Users\siree\.m2\repository\org\seleniumhq\selenium\selenium-api\4.31.0\selenium-api-4.31.0.jar;C:\Users\siree\.m2\repository\org\jspecify\jspecify\1.0.0\jspecify-1.0.0.jar;C:\Users\siree\.m2\repository\org\seleniumhq\selenium\selenium-chrome-driver\4.31.0\selenium-chrome-driver-4.31.0.jar;C:\Users\siree\.m2\repository\com\google\auto\service\auto-service-annotations\1.1.1\auto-service-annotations-1.1.1.jar;C:\Users\siree\.m2\repository\org\seleniumhq\selenium\selenium-chromium-driver\4.31.0\selenium-chromium-driver-4.31.0.jar;C:\Users\siree\.m2\repository\org\seleniumhq\selenium\selenium-json\4.31.0\selenium-json-4.31.0.jar;C:\Users\siree\.m2\repository\org\seleniumhq\selenium\selenium-manager\4.31.0\selenium-manager-4.31.0.jar;C:\Users\siree\.m2\repository\org\seleniumhq\selenium\selenium-devtools-v133\4.31.0\selenium-devtools-v133-4.31.0.jar;C:\Users\siree\.m2\repository\org\seleniumhq\selenium\selenium-devtools-v134\4.31.0\selenium-devtools-v134-4.31.0.jar;C:\Users\siree\.m2\repository\org\seleniumhq\selenium\selenium-devtools-v135\4.31.0\selenium-devtools-v135-4.31.0.jar;C:\Users\siree\.m2\repository\org\seleniumhq\selenium\selenium-edge-driver\4.31.0\selenium-edge-driver-4.31.0.jar;C:\Users\siree\.m2\repository\org\seleniumhq\selenium\selenium-firefox-driver\4.31.0\selenium-firefox-driver-4.31.0.jar;C:\Users\siree\.m2\repository\org\seleniumhq\selenium\selenium-http\4.31.0\selenium-http-4.31.0.jar;C:\Users\siree\.m2\repository\org\seleniumhq\selenium\selenium-ie-driver\4.31.0\selenium-ie-driver-4.31.0.jar;C:\Users\siree\.m2\repository\org\seleniumhq\selenium\selenium-remote-driver\4.31.0\selenium-remote-driver-4.31.0.jar;C:\Users\siree\.m2\repository\com\google\guava\guava\33.4.6-jre\guava-33.4.6-jre.jar;C:\Users\siree\.m2\repository\com\google\guava\failureaccess\1.0.3\failureaccess-1.0.3.jar;C:\Users\siree\.m2\repository\com\google\guava\listenablefuture\9999.0-empty-to-avoid-conflict-with-guava\listenablefuture-9999.0-empty-to-avoid-conflict-with-guava.jar;C:\Users\siree\.m2\repository\com\google\j2objc\j2objc-annotations\3.0.0\j2objc-annotations-3.0.0.jar;C:\Users\siree\.m2\repository\io\opentelemetry\opentelemetry-api\1.48.0\opentelemetry-api-1.48.0.jar;C:\Users\siree\.m2\repository\io\opentelemetry\opentelemetry-context\1.48.0\opentelemetry-context-1.48.0.jar;C:\Users\siree\.m2\repository\io\opentelemetry\opentelemetry-exporter-logging\1.48.0\opentelemetry-exporter-logging-1.48.0.jar;C:\Users\siree\.m2\repository\io\opentelemetry\opentelemetry-sdk-common\1.48.0\opentelemetry-sdk-common-1.48.0.jar;C:\Users\siree\.m2\repository\io\opentelemetry\opentelemetry-sdk-extension-autoconfigure-spi\1.48.0\opentelemetry-sdk-extension-autoconfigure-spi-1.48.0.jar;C:\Users\siree\.m2\repository\io\opentelemetry\opentelemetry-sdk-extension-autoconfigure\1.48.0\opentelemetry-sdk-extension-autoconfigure-1.48.0.jar;C:\Users\siree\.m2\repository\io\opentelemetry\opentelemetry-sdk-trace\1.48.0\opentelemetry-sdk-trace-1.48.0.jar;C:\Users\siree\.m2\repository\io\opentelemetry\opentelemetry-sdk\1.48.0\opentelemetry-sdk-1.48.0.jar;C:\Users\siree\.m2\repository\io\opentelemetry\opentelemetry-sdk-metrics\1.48.0\opentelemetry-sdk-metrics-1.48.0.jar;C:\Users\siree\.m2\repository\io\opentelemetry\opentelemetry-sdk-logs\1.48.0\opentelemetry-sdk-logs-1.48.0.jar;C:\Users\siree\.m2\repository\net\bytebuddy\byte-buddy\1.17.5\byte-buddy-1.17.5.jar;C:\Users\siree\.m2\repository\org\seleniumhq\selenium\selenium-os\4.31.0\selenium-os-4.31.0.jar;C:\Users\siree\.m2\repository\org\apache\commons\commons-exec\1.4.0\commons-exec-1.4.0.jar;C:\Users\siree\.m2\repository\org\seleniumhq\selenium\selenium-safari-driver\4.31.0\selenium-safari-driver-4.31.0.jar;C:\Users\siree\.m2\repository\org\seleniumhq\selenium\selenium-support\4.31.0\selenium-support-4.31.0.jar;C:\Users\siree\.m2\repository\io\github\bonigarcia\webdrivermanager\6.0.1\webdrivermanager-6.0.1.jar;C:\Users\siree\.m2\repository\com\google\code\gson\gson\2.12.1\gson-2.12.1.jar;C:\Users\siree\.m2\repository\com\google\errorprone\error_prone_annotations\2.36.0\error_prone_annotations-2.36.0.jar;C:\Users\siree\.m2\repository\com\github\docker-java\docker-java\3.5.0\docker-java-3.5.0.jar;C:\Users\siree\.m2\repository\com\github\docker-java\docker-java-core\3.5.0\docker-java-core-3.5.0.jar;C:\Users\siree\.m2\repository\com\github\docker-java\docker-java-api\3.5.0\docker-java-api-3.5.0.jar;C:\Users\siree\.m2\repository\com\fasterxml\jackson\core\jackson-annotations\2.18.3\jackson-annotations-2.18.3.jar;C:\Users\siree\.m2\repository\com\fasterxml\jackson\core\jackson-databind\2.18.3\jackson-databind-2.18.3.jar;C:\Users\siree\.m2\repository\com\fasterxml\jackson\core\jackson-core\2.18.3\jackson-core-2.18.3.jar;C:\Users\siree\.m2\repository\org\slf4j\jcl-over-slf4j\1.7.30\jcl-over-slf4j-1.7.30.jar;C:\Users\siree\.m2\repository\com\github\docker-java\docker-java-transport-httpclient5\3.5.0\docker-java-transport-httpclient5-3.5.0.jar;C:\Users\siree\.m2\repository\com\github\docker-java\docker-java-transport\3.5.0\docker-java-transport-3.5.0.jar;C:\Users\siree\.m2\repository\net\java\dev\jna\jna\5.17.0\jna-5.17.0.jar;C:\Users\siree\.m2\repository\org\brotli\dec\0.1.2\dec-0.1.2.jar;C:\Users\siree\.m2\repository\org\apache\commons\commons-lang3\3.17.0\commons-lang3-3.17.0.jar;C:\Users\siree\.m2\repository\org\apache\commons\commons-compress\1.27.1\commons-compress-1.27.1.jar;C:\Users\siree\.m2\repository\commons-codec\commons-codec\1.17.1\commons-codec-1.17.1.jar;C:\Users\siree\.m2\repository\commons-io\commons-io\2.16.1\commons-io-2.16.1.jar;C:\Users\siree\.m2\repository\org\apache\httpcomponents\client5\httpclient5\5.4.3\httpclient5-5.4.3.jar;C:\Users\siree\.m2\repository\org\apache\httpcomponents\core5\httpcore5\5.3.4\httpcore5-5.3.4.jar;C:\Users\siree\.m2\repository\org\apache\httpcomponents\core5\httpcore5-h2\5.3.4\httpcore5-h2-5.3.4.jar;C:\Users\siree\.m2\repository\tech\grasshopper\extentreports-cucumber7-adapter\1.14.0\extentreports-cucumber7-adapter-1.14.0.jar;C:\Users\siree\.m2\repository\com\aventstack\extentreports\5.1.0\extentreports-5.1.0.jar;C:\Users\siree\.m2\repository\io\reactivex\rxjava3\rxjava\3.1.6\rxjava-3.1.6.jar;C:\Users\siree\.m2\repository\org\reactivestreams\reactive-streams\1.0.4\reactive-streams-1.0.4.jar;C:\Users\siree\.m2\repository\org\freemarker\freemarker\2.3.32\freemarker-2.3.32.jar;C:\Users\siree\.m2\repository\org\projectlombok\lombok\1.18.26\lombok-1.18.26.jar;C:\Users\siree\.m2\repository\tech\grasshopper\extent-pdf-report\2.12.0\extent-pdf-report-2.12.0.jar;C:\Users\siree\.m2\repository\tech\grasshopper\cucumber-pdf-report\2.14.0\cucumber-pdf-report-2.14.0.jar;C:\Users\siree\.m2\repository\org\apache\pdfbox\pdfbox\2.0.26\pdfbox-2.0.26.jar;C:\Users\siree\.m2\repository\org\apache\pdfbox\fontbox\2.0.26\fontbox-2.0.26.jar;C:\Users\siree\.m2\repository\org\knowm\xchart\xchart\3.8.0\xchart-3.8.0.jar;C:\Users\siree\.m2\repository\de\erichseifert\vectorgraphics2d\VectorGraphics2D\0.13\VectorGraphics2D-0.13.jar;C:\Users\siree\.m2\repository\de\rototor\pdfbox\graphics2d\0.30\graphics2d-0.30.jar;C:\Users\siree\.m2\repository\com\madgag\animated-gif-lib\1.4\animated-gif-lib-1.4.jar;C:\Users\siree\.m2\repository\org\yaml\snakeyaml\2.0\snakeyaml-2.0.jar;C:\Users\siree\.m2\repository\tech\grasshopper\table-layout\1.5.1\table-layout-1.5.1.jar;C:\Users\siree\.m2\repository\tech\grasshopper\rest-assured-cucumber-pdf-report\1.5.0\rest-assured-cucumber-pdf-report-1.5.0.jar;C:\Users\siree\.m2\repository\org\jsoup\jsoup\1.15.3\jsoup-1.15.3.jar;C:\Users\siree\.m2\repository\com\aventstack\klov-reporter\5.1.0\klov-reporter-5.1.0.jar;C:\Users\siree\.m2\repository\org\mongodb\mongodb-driver\3.6.4\mongodb-driver-3.6.4.jar;C:\Users\siree\.m2\repository\org\mongodb\mongodb-driver-core\3.6.4\mongodb-driver-core-3.6.4.jar;C:\Users\siree\.m2\repository\org\mongodb\bson\3.6.4\bson-3.6.4.jar;C:\Users\siree\.m2\repository\org\apache\httpcomponents\httpclient\4.5.13\httpclient-4.5.13.jar;C:\Users\siree\.m2\repository\org\apache\httpcomponents\httpcore\4.4.13\httpcore-4.4.13.jar;C:\Users\siree\.m2\repository\commons-logging\commons-logging\1.2\commons-logging-1.2.jar;C:\Users\siree\.m2\repository\org\apache\httpcomponents\httpmime\4.5.13\httpmime-4.5.13.jar;C:\Users\siree\.m2\repository\tech\grasshopper\htmlextentreporter\1.1.0\htmlextentreporter-1.1.0.jar;C:\Users\siree\.m2\repository\tech\grasshopper\extent-excel-report\1.4.0\extent-excel-report-1.4.0.jar;C:\Users\siree\.m2\repository\org\apache\poi\poi\5.2.3\poi-5.2.3.jar;C:\Users\siree\.m2\repository\org\apache\commons\commons-collections4\4.4\commons-collections4-4.4.jar;C:\Users\siree\.m2\repository\org\apache\commons\commons-math3\3.6.1\commons-math3-3.6.1.jar;C:\Users\siree\.m2\repository\com\zaxxer\SparseBitSet\1.2\SparseBitSet-1.2.jar;C:\Users\siree\.m2\repository\org\apache\poi\poi-ooxml\5.2.3\poi-ooxml-5.2.3.jar;C:\Users\siree\.m2\repository\org\apache\poi\poi-ooxml-lite\5.2.3\poi-ooxml-lite-5.2.3.jar;C:\Users\siree\.m2\repository\org\apache\xmlbeans\xmlbeans\5.1.1\xmlbeans-5.1.1.jar;C:\Users\siree\.m2\repository\com\github\virtuald\curvesapi\1.07\curvesapi-1.07.jar;C:\Users\siree\.m2\repository\io\cucumber\cucumber-testng\6.11.0\cucumber-testng-6.11.0.jar;C:\Users\siree\.m2\repository\junit\junit\4.13.2\junit-4.13.2.jar;C:\Users\siree\.m2\repository\org\hamcrest\hamcrest-core\1.3\hamcrest-core-1.3.jar;C:\Users\siree\.m2\repository\org\apache\logging\log4j\log4j-api\2.22.1\log4j-api-2.22.1.jar;C:\Users\siree\.m2\repository\org\apache\logging\log4j\log4j-core\2.22.1\log4j-core-2.22.1.jar;C:\Users\siree\.m2\repository\com\mysql\mysql-connector-j\8.0.33\mysql-connector-j-8.0.33.jar;C:\Users\siree\.m2\repository\com\google\protobuf\protobuf-java\3.21.9\protobuf-java-3.21.9.jar;"/>
    <property name="java.vm.vendor" value="Eclipse Adoptium"/>
    <property name="sun.arch.data.model" value="64"/>
    <property name="user.variant" value=""/>
    <property name="java.vendor.url" value="https://adoptium.net/"/>
    <property name="user.timezone" value="Asia/Calcutta"/>
    <property name="os.name" value="Windows 11"/>
    <property name="java.vm.specification.version" value="17"/>
    <property name="sun.java.launcher" value="SUN_STANDARD"/>
    <property name="user.country" value="IN"/>
    <property name="sun.boot.library.path" value="C:\Users\siree\Downloads\eclipse-java-2022-09-R-win32-x86_64\eclipse\plugins\org.eclipse.justj.openjdk.hotspot.jre.full.win32.x86_64_17.0.4.v20220903-1038\jre\bin"/>
    <property name="sun.java.command" value="C:\Users\siree\AppData\Local\Temp\surefire6715033607357389780\surefirebooter-20250909013130433_3.jar C:\Users\siree\AppData\Local\Temp\surefire6715033607357389780 2025-09-09T01-31-29_510-jvmRun1 surefire-20250909013130433_1tmp surefire_0-20250909013130433_2tmp"/>
    <property name="jdk.debug" value="release"/>
    <property name="surefire.test.class.path" value="D:\Wipro\CapstoneBDD\target\test-classes;D:\Wipro\CapstoneBDD\target\classes;C:\Users\siree\.m2\repository\io\cucumber\cucumber-junit\6.11.0\cucumber-junit-6.11.0.jar;C:\Users\siree\.m2\repository\org\apiguardian\apiguardian-api\1.1.2\apiguardian-api-1.1.2.jar;C:\Users\siree\.m2\repository\io\cucumber\cucumber-core\6.11.0\cucumber-core-6.11.0.jar;C:\Users\siree\.m2\repository\io\cucumber\cucumber-gherkin\6.11.0\cucumber-gherkin-6.11.0.jar;C:\Users\siree\.m2\repository\io\cucumber\cucumber-gherkin-messages\6.11.0\cucumber-gherkin-messages-6.11.0.jar;C:\Users\siree\.m2\repository\io\cucumber\messages\15.0.0\messages-15.0.0.jar;C:\Users\siree\.m2\repository\io\cucumber\tag-expressions\3.0.1\tag-expressions-3.0.1.jar;C:\Users\siree\.m2\repository\io\cucumber\cucumber-expressions\10.3.0\cucumber-expressions-10.3.0.jar;C:\Users\siree\.m2\repository\io\cucumber\datatable\3.5.0\datatable-3.5.0.jar;C:\Users\siree\.m2\repository\io\cucumber\cucumber-plugin\6.11.0\cucumber-plugin-6.11.0.jar;C:\Users\siree\.m2\repository\io\cucumber\docstring\6.11.0\docstring-6.11.0.jar;C:\Users\siree\.m2\repository\io\cucumber\html-formatter\13.0.0\html-formatter-13.0.0.jar;C:\Users\siree\.m2\repository\io\cucumber\create-meta\4.0.0\create-meta-4.0.0.jar;C:\Users\siree\.m2\repository\io\cucumber\cucumber-java\6.11.0\cucumber-java-6.11.0.jar;C:\Users\siree\.m2\repository\org\testng\testng\7.8.0\testng-7.8.0.jar;C:\Users\siree\.m2\repository\org\slf4j\slf4j-api\1.7.36\slf4j-api-1.7.36.jar;C:\Users\siree\.m2\repository\com\beust\jcommander\1.82\jcommander-1.82.jar;C:\Users\siree\.m2\repository\org\webjars\jquery\3.6.1\jquery-3.6.1.jar;C:\Users\siree\.m2\repository\org\seleniumhq\selenium\selenium-java\4.31.0\selenium-java-4.31.0.jar;C:\Users\siree\.m2\repository\org\seleniumhq\selenium\selenium-api\4.31.0\selenium-api-4.31.0.jar;C:\Users\siree\.m2\repository\org\jspecify\jspecify\1.0.0\jspecify-1.0.0.jar;C:\Users\siree\.m2\repository\org\seleniumhq\selenium\selenium-chrome-driver\4.31.0\selenium-chrome-driver-4.31.0.jar;C:\Users\siree\.m2\repository\com\google\auto\service\auto-service-annotations\1.1.1\auto-service-annotations-1.1.1.jar;C:\Users\siree\.m2\repository\org\seleniumhq\selenium\selenium-chromium-driver\4.31.0\selenium-chromium-driver-4.31.0.jar;C:\Users\siree\.m2\repository\org\seleniumhq\selenium\selenium-json\4.31.0\selenium-json-4.31.0.jar;C:\Users\siree\.m2\repository\org\seleniumhq\selenium\selenium-manager\4.31.0\selenium-manager-4.31.0.jar;C:\Users\siree\.m2\repository\org\seleniumhq\selenium\selenium-devtools-v133\4.31.0\selenium-devtools-v133-4.31.0.jar;C:\Users\siree\.m2\repository\org\seleniumhq\selenium\selenium-devtools-v134\4.31.0\selenium-devtools-v134-4.31.0.jar;C:\Users\siree\.m2\repository\org\seleniumhq\selenium\selenium-devtools-v135\4.31.0\selenium-devtools-v135-4.31.0.jar;C:\Users\siree\.m2\repository\org\seleniumhq\selenium\selenium-edge-driver\4.31.0\selenium-edge-driver-4.31.0.jar;C:\Users\siree\.m2\repository\org\seleniumhq\selenium\selenium-firefox-driver\4.31.0\selenium-firefox-driver-4.31.0.jar;C:\Users\siree\.m2\repository\org\seleniumhq\selenium\selenium-http\4.31.0\selenium-http-4.31.0.jar;C:\Users\siree\.m2\repository\org\seleniumhq\selenium\selenium-ie-driver\4.31.0\selenium-ie-driver-4.31.0.jar;C:\Users\siree\.m2\repository\org\seleniumhq\selenium\selenium-remote-driver\4.31.0\selenium-remote-driver-4.31.0.jar;C:\Users\siree\.m2\repository\com\google\guava\guava\33.4.6-jre\guava-33.4.6-jre.jar;C:\Users\siree\.m2\repository\com\google\guava\failureaccess\1.0.3\failureaccess-1.0.3.jar;C:\Users\siree\.m2\repository\com\google\guava\listenablefuture\9999.0-empty-to-avoid-conflict-with-guava\listenablefuture-9999.0-empty-to-avoid-conflict-with-guava.jar;C:\Users\siree\.m2\repository\com\google\j2objc\j2objc-annotations\3.0.0\j2objc-annotations-3.0.0.jar;C:\Users\siree\.m2\repository\io\opentelemetry\opentelemetry-api\1.48.0\opentelemetry-api-1.48.0.jar;C:\Users\siree\.m2\repository\io\opentelemetry\opentelemetry-context\1.48.0\opentelemetry-context-1.48.0.jar;C:\Users\siree\.m2\repository\io\opentelemetry\opentelemetry-exporter-logging\1.48.0\opentelemetry-exporter-logging-1.48.0.jar;C:\Users\siree\.m2\repository\io\opentelemetry\opentelemetry-sdk-common\1.48.0\opentelemetry-sdk-common-1.48.0.jar;C:\Users\siree\.m2\repository\io\opentelemetry\opentelemetry-sdk-extension-autoconfigure-spi\1.48.0\opentelemetry-sdk-extension-autoconfigure-spi-1.48.0.jar;C:\Users\siree\.m2\repository\io\opentelemetry\opentelemetry-sdk-extension-autoconfigure\1.48.0\opentelemetry-sdk-extension-autoconfigure-1.48.0.jar;C:\Users\siree\.m2\repository\io\opentelemetry\opentelemetry-sdk-trace\1.48.0\opentelemetry-sdk-trace-1.48.0.jar;C:\Users\siree\.m2\repository\io\opentelemetry\opentelemetry-sdk\1.48.0\opentelemetry-sdk-1.48.0.jar;C:\Users\siree\.m2\repository\io\opentelemetry\opentelemetry-sdk-metrics\1.48.0\opentelemetry-sdk-metrics-1.48.0.jar;C:\Users\siree\.m2\repository\io\opentelemetry\opentelemetry-sdk-logs\1.48.0\opentelemetry-sdk-logs-1.48.0.jar;C:\Users\siree\.m2\repository\net\bytebuddy\byte-buddy\1.17.5\byte-buddy-1.17.5.jar;C:\Users\siree\.m2\repository\org\seleniumhq\selenium\selenium-os\4.31.0\selenium-os-4.31.0.jar;C:\Users\siree\.m2\repository\org\apache\commons\commons-exec\1.4.0\commons-exec-1.4.0.jar;C:\Users\siree\.m2\repository\org\seleniumhq\selenium\selenium-safari-driver\4.31.0\selenium-safari-driver-4.31.0.jar;C:\Users\siree\.m2\repository\org\seleniumhq\selenium\selenium-support\4.31.0\selenium-support-4.31.0.jar;C:\Users\siree\.m2\repository\io\github\bonigarcia\webdrivermanager\6.0.1\webdrivermanager-6.0.1.jar;C:\Users\siree\.m2\repository\com\google\code\gson\gson\2.12.1\gson-2.12.1.jar;C:\Users\siree\.m2\repository\com\google\errorprone\error_prone_annotations\2.36.0\error_prone_annotations-2.36.0.jar;C:\Users\siree\.m2\repository\com\github\docker-java\docker-java\3.5.0\docker-java-3.5.0.jar;C:\Users\siree\.m2\repository\com\github\docker-java\docker-java-core\3.5.0\docker-java-core-3.5.0.jar;C:\Users\siree\.m2\repository\com\github\docker-java\docker-java-api\3.5.0\docker-java-api-3.5.0.jar;C:\Users\siree\.m2\repository\com\fasterxml\jackson\core\jackson-annotations\2.18.3\jackson-annotations-2.18.3.jar;C:\Users\siree\.m2\repository\com\fasterxml\jackson\core\jackson-databind\2.18.3\jackson-databind-2.18.3.jar;C:\Users\siree\.m2\repository\com\fasterxml\jackson\core\jackson-core\2.18.3\jackson-core-2.18.3.jar;C:\Users\siree\.m2\repository\org\slf4j\jcl-over-slf4j\1.7.30\jcl-over-slf4j-1.7.30.jar;C:\Users\siree\.m2\repository\com\github\docker-java\docker-java-transport-httpclient5\3.5.0\docker-java-transport-httpclient5-3.5.0.jar;C:\Users\siree\.m2\repository\com\github\docker-java\docker-java-transport\3.5.0\docker-java-transport-3.5.0.jar;C:\Users\siree\.m2\repository\net\java\dev\jna\jna\5.17.0\jna-5.17.0.jar;C:\Users\siree\.m2\repository\org\brotli\dec\0.1.2\dec-0.1.2.jar;C:\Users\siree\.m2\repository\org\apache\commons\commons-lang3\3.17.0\commons-lang3-3.17.0.jar;C:\Users\siree\.m2\repository\org\apache\commons\commons-compress\1.27.1\commons-compress-1.27.1.jar;C:\Users\siree\.m2\repository\commons-codec\commons-codec\1.17.1\commons-codec-1.17.1.jar;C:\Users\siree\.m2\repository\commons-io\commons-io\2.16.1\commons-io-2.16.1.jar;C:\Users\siree\.m2\repository\org\apache\httpcomponents\client5\httpclient5\5.4.3\httpclient5-5.4.3.jar;C:\Users\siree\.m2\repository\org\apache\httpcomponents\core5\httpcore5\5.3.4\httpcore5-5.3.4.jar;C:\Users\siree\.m2\repository\org\apache\httpcomponents\core5\httpcore5-h2\5.3.4\httpcore5-h2-5.3.4.jar;C:\Users\siree\.m2\repository\tech\grasshopper\extentreports-cucumber7-adapter\1.14.0\extentreports-cucumber7-adapter-1.14.0.jar;C:\Users\siree\.m2\repository\com\aventstack\extentreports\5.1.0\extentreports-5.1.0.jar;C:\Users\siree\.m2\repository\io\reactivex\rxjava3\rxjava\3.1.6\rxjava-3.1.6.jar;C:\Users\siree\.m2\repository\org\reactivestreams\reactive-streams\1.0.4\reactive-streams-1.0.4.jar;C:\Users\siree\.m2\repository\org\freemarker\freemarker\2.3.32\freemarker-2.3.32.jar;C:\Users\siree\.m2\repository\org\projectlombok\lombok\1.18.26\lombok-1.18.26.jar;C:\Users\siree\.m2\repository\tech\grasshopper\extent-pdf-report\2.12.0\extent-pdf-report-2.12.0.jar;C:\Users\siree\.m2\repository\tech\grasshopper\cucumber-pdf-report\2.14.0\cucumber-pdf-report-2.14.0.jar;C:\Users\siree\.m2\repository\org\apache\pdfbox\pdfbox\2.0.26\pdfbox-2.0.26.jar;C:\Users\siree\.m2\repository\org\apache\pdfbox\fontbox\2.0.26\fontbox-2.0.26.jar;C:\Users\siree\.m2\repository\org\knowm\xchart\xchart\3.8.0\xchart-3.8.0.jar;C:\Users\siree\.m2\repository\de\erichseifert\vectorgraphics2d\VectorGraphics2D\0.13\VectorGraphics2D-0.13.jar;C:\Users\siree\.m2\repository\de\rototor\pdfbox\graphics2d\0.30\graphics2d-0.30.jar;C:\Users\siree\.m2\repository\com\madgag\animated-gif-lib\1.4\animated-gif-lib-1.4.jar;C:\Users\siree\.m2\repository\org\yaml\snakeyaml\2.0\snakeyaml-2.0.jar;C:\Users\siree\.m2\repository\tech\grasshopper\table-layout\1.5.1\table-layout-1.5.1.jar;C:\Users\siree\.m2\repository\tech\grasshopper\rest-assured-cucumber-pdf-report\1.5.0\rest-assured-cucumber-pdf-report-1.5.0.jar;C:\Users\siree\.m2\repository\org\jsoup\jsoup\1.15.3\jsoup-1.15.3.jar;C:\Users\siree\.m2\repository\com\aventstack\klov-reporter\5.1.0\klov-reporter-5.1.0.jar;C:\Users\siree\.m2\repository\org\mongodb\mongodb-driver\3.6.4\mongodb-driver-3.6.4.jar;C:\Users\siree\.m2\repository\org\mongodb\mongodb-driver-core\3.6.4\mongodb-driver-core-3.6.4.jar;C:\Users\siree\.m2\repository\org\mongodb\bson\3.6.4\bson-3.6.4.jar;C:\Users\siree\.m2\repository\org\apache\httpcomponents\httpclient\4.5.13\httpclient-4.5.13.jar;C:\Users\siree\.m2\repository\org\apache\httpcomponents\httpcore\4.4.13\httpcore-4.4.13.jar;C:\Users\siree\.m2\repository\commons-logging\commons-logging\1.2\commons-logging-1.2.jar;C:\Users\siree\.m2\repository\org\apache\httpcomponents\httpmime\4.5.13\httpmime-4.5.13.jar;C:\Users\siree\.m2\repository\tech\grasshopper\htmlextentreporter\1.1.0\htmlextentreporter-1.1.0.jar;C:\Users\siree\.m2\repository\tech\grasshopper\extent-excel-report\1.4.0\extent-excel-report-1.4.0.jar;C:\Users\siree\.m2\repository\org\apache\poi\poi\5.2.3\poi-5.2.3.jar;C:\Users\siree\.m2\repository\org\apache\commons\commons-collections4\4.4\commons-collections4-4.4.jar;C:\Users\siree\.m2\repository\org\apache\commons\commons-math3\3.6.1\commons-math3-3.6.1.jar;C:\Users\siree\.m2\repository\com\zaxxer\SparseBitSet\1.2\SparseBitSet-1.2.jar;C:\Users\siree\.m2\repository\org\apache\poi\poi-ooxml\5.2.3\poi-ooxml-5.2.3.jar;C:\Users\siree\.m2\repository\org\apache\poi\poi-ooxml-lite\5.2.3\poi-ooxml-lite-5.2.3.jar;C:\Users\siree\.m2\repository\org\apache\xmlbeans\xmlbeans\5.1.1\xmlbeans-5.1.1.jar;C:\Users\siree\.m2\repository\com\github\virtuald\curvesapi\1.07\curvesapi-1.07.jar;C:\Users\siree\.m2\repository\io\cucumber\cucumber-testng\6.11.0\cucumber-testng-6.11.0.jar;C:\Users\siree\.m2\repository\junit\junit\4.13.2\junit-4.13.2.jar;C:\Users\siree\.m2\repository\org\hamcrest\hamcrest-core\1.3\hamcrest-core-1.3.jar;C:\Users\siree\.m2\repository\org\apache\logging\log4j\log4j-api\2.22.1\log4j-api-2.22.1.jar;C:\Users\siree\.m2\repository\org\apache\logging\log4j\log4j-core\2.22.1\log4j-core-2.22.1.jar;C:\Users\siree\.m2\repository\com\mysql\mysql-connector-j\8.0.33\mysql-connector-j-8.0.33.jar;C:\Users\siree\.m2\repository\com\google\protobuf\protobuf-java\3.21.9\protobuf-java-3.21.9.jar;"/>
    <property name="sun.cpu.endian" value="little"/>
    <property name="user.home" value="C:\Users\siree"/>
    <property name="user.language" value="en"/>
    <property name="java.specification.vendor" value="Oracle Corporation"/>
    <property name="java.version.date" value="2022-08-12"/>
    <property name="java.home" value="C:\Users\siree\Downloads\eclipse-java-2022-09-R-win32-x86_64\eclipse\plugins\org.eclipse.justj.openjdk.hotspot.jre.full.win32.x86_64_17.0.4.v20220903-1038\jre"/>
    <property name="file.separator" value="\"/>
    <property name="style.color" value="always"/>
    <property name="basedir" value="D:\Wipro\CapstoneBDD"/>
    <property name="java.vm.compressedOopsMode" value="32-bit"/>
    <property name="line.separator" value="&#10;"/>
    <property name="java.vm.specification.vendor" value="Oracle Corporation"/>
    <property name="java.specification.name" value="Java Platform API Specification"/>
    <property name="surefire.real.class.path" value="C:\Users\siree\AppData\Local\Temp\surefire6715033607357389780\surefirebooter-20250909013130433_3.jar"/>
    <property name="user.script" value=""/>
    <property name="sun.management.compiler" value="HotSpot 64-Bit Tiered Compilers"/>
    <property name="java.runtime.version" value="17.0.4.1+1"/>
    <property name="user.name" value="siree"/>
    <property name="path.separator" value=";"/>
    <property name="os.version" value="10.0"/>
    <property name="java.runtime.name" value="OpenJDK Runtime Environment"/>
    <property name="file.encoding" value="Cp1252"/>
    <property name="java.vm.name" value="OpenJDK 64-Bit Server VM"/>
    <property name="java.vendor.version" value="Temurin-17.0.4.1+1"/>
    <property name="localRepository" value="C:\Users\siree\.m2\repository"/>
    <property name="java.vendor.url.bug" value="https://github.com/adoptium/adoptium-support/issues"/>
    <property name="java.io.tmpdir" value="C:\Users\siree\AppData\Local\Temp\"/>
    <property name="java.version" value="17.0.4.1"/>
    <property name="user.dir" value="D:\Wipro\CapstoneBDD"/>
    <property name="os.arch" value="amd64"/>
    <property name="java.vm.specification.name" value="Java Virtual Machine Specification"/>
    <property name="sun.os.patch.level" value=""/>
    <property name="native.encoding" value="Cp1252"/>
    <property name="java.library.path" value="C:\Users\siree\Downloads\eclipse-java-2022-09-R-win32-x86_64\eclipse\plugins\org.eclipse.justj.openjdk.hotspot.jre.full.win32.x86_64_17.0.4.v20220903-1038\jre\bin;C:\WINDOWS\Sun\Java\bin;C:\WINDOWS\system32;C:\WINDOWS;C:/Users/siree/Downloads/eclipse-java-2022-09-R-win32-x86_64/eclipse//plugins/org.eclipse.justj.openjdk.hotspot.jre.full.win32.x86_64_17.0.4.v20220903-1038/jre/bin/server;C:/Users/siree/Downloads/eclipse-java-2022-09-R-win32-x86_64/eclipse//plugins/org.eclipse.justj.openjdk.hotspot.jre.full.win32.x86_64_17.0.4.v20220903-1038/jre/bin;C:\Program Files\Common Files\Oracle\Java\javapath;C:\WINDOWS\system32;C:\WINDOWS;C:\WINDOWS\System32\Wbem;C:\WINDOWS\System32\WindowsPowerShell\v1.0\;C:\WINDOWS\System32\OpenSSH\;C:\Program Files\Git\cmd;C:\Users\siree\Downloads\maven\apache-maven-3.9.11-bin\apache-maven-3.9.11\bin;C:\Program Files\MySQL\MySQL Shell 8.0\bin\;C:\Users\siree\AppData\Local\Microsoft\WindowsApps;;C:\Users\siree\Downloads\eclipse-java-2022-09-R-win32-x86_64\eclipse;;."/>
    <property name="java.vm.info" value="mixed mode"/>
    <property name="java.vendor" value="Eclipse Adoptium"/>
    <property name="java.vm.version" value="17.0.4.1+1"/>
    <property name="sun.io.unicode.encoding" value="UnicodeLittle"/>
    <property name="java.class.version" value="61.0"/>
  </properties>
  <testcase name="runScenario[&quot;Verify Contact Us page displays contact information and icons&quot;, &quot;Optional[Validate Contact Us Page]&quot;](1)" classname="TestRunner.MyTestRunner" time="9.419">
    <system-out><![CDATA[
Scenario: Verify Contact Us page displays contact information and icons # src/test/resources/Features/contactUs.feature:3
Browser launched before scenario
Opened Contact Us page ✅
  Given the user opens the Contact Us page                              # StepDefinitions.ContactUsSteps.the_user_opens_the_contact_us_page()
Contact section contains expected text ✅
  Then the contact section should contain "CONTACT US WITH EASE"        # StepDefinitions.ContactUsSteps.the_contact_section_should_contain(java.lang.String)
Address icon is visible
  And the address icon must be visible                                  # StepDefinitions.ContactUsSteps.the_address_icon_must_be_visible()
Call Us icon is visible 
  And the call us icon must be visible                                  # StepDefinitions.ContactUsSteps.the_call_us_icon_must_be_visible()
Fax icon is visible ✅
  And the fax icon must be visible                                      # StepDefinitions.ContactUsSteps.the_fax_icon_must_be_visible()
Email icon is visible
  And the email icon must be visible                                    # StepDefinitions.ContactUsSteps.the_email_icon_must_be_visible()
Browser closed after the scenario
]]></system-out>
    <system-err><![CDATA[SLF4J: Failed to load class "org.slf4j.impl.StaticLoggerBinder".
SLF4J: Defaulting to no-operation (NOP) logger implementation
SLF4J: See http://www.slf4j.org/codes.html#StaticLoggerBinder for further details.
Sep 09, 2025 1:31:35 AM org.openqa.selenium.devtools.CdpVersionFinder findNearestMatch
WARNING: Unable to find an exact match for CDP version 139, returning the closest version; found: 135; Please update to a Selenium version that supports CDP version 139
Sep 09, 2025 1:31:37 AM org.openqa.selenium.devtools.CdpVersionFinder findNearestMatch
WARNING: Unable to find an exact match for CDP version 139, returning the closest version; found: 135; Please update to a Selenium version that supports CDP version 139
]]></system-err>
  </testcase>
  <testcase name="runScenario[&quot;Verify Google Maps is embedded on Contact Us page&quot;, &quot;Optional[Validate Contact Us Page]&quot;](2)" classname="TestRunner.MyTestRunner" time="15.491">
    <system-out><![CDATA[
Scenario: Verify Google Maps is embedded on Contact Us page # src/test/resources/Features/contactUs.feature:10
Browser launched before scenario
Opened Contact Us page ✅
  Given the user opens the Contact Us page                  # StepDefinitions.ContactUsSteps.the_user_opens_the_contact_us_page()
Google Maps iframe is visible
All Contact Us validations successfully done
  Then the Google Maps iframe should be visible             # StepDefinitions.ContactUsSteps.the_google_maps_iframe_should_be_visible()
Browser closed after the scenario
]]></system-out>
    <system-err><![CDATA[Sep 09, 2025 1:31:43 AM org.openqa.selenium.devtools.CdpVersionFinder findNearestMatch
WARNING: Unable to find an exact match for CDP version 139, returning the closest version; found: 135; Please update to a Selenium version that supports CDP version 139
Sep 09, 2025 1:31:45 AM org.openqa.selenium.devtools.CdpVersionFinder findNearestMatch
WARNING: Unable to find an exact match for CDP version 139, returning the closest version; found: 135; Please update to a Selenium version that supports CDP version 139
]]></system-err>
  </testcase>
  <testcase name="runScenario[&quot;Registration attempt with valid credentials&quot;, &quot;Optional[Home page and Account flows]&quot;](3)" classname="TestRunner.MyTestRunner" time="21.422">
    <system-out><![CDATA[
@registration @smoke
Scenario Outline: Registration attempt with valid credentials                                                                     # src/test/resources/Features/home.feature:18
Browser launched before scenario
  Given the site base URL is "https://westfloridaahec.org"                                                                        # StepDefinitions.CapstoneHomePageSteps.the_site_base_url_is(java.lang.String)
  Given the user navigates to the "My Account" page                                                                               # StepDefinitions.CapstoneHomePageSteps.the_user_navigates_to_the_page(java.lang.String)
  When the user fills the registration form with username "Jyotirmay", email "jyotirmaypanja@gmail.com" and password "Jyoti@2020" # StepDefinitions.CapstoneHomePageSteps.the_user_fills_the_registration_form_with_username_email_and_password(java.lang.String,java.lang.String,java.lang.String)
Register clicked? true
  And the user clicks the Register button                                                                                         # StepDefinitions.CapstoneHomePageSteps.the_user_clicks_the_register_button()
Recorded registration credentials -> username: Jyotirmay, email: jyotirmaypanja@gmail.com
  Then the registration attempt should be recorded (success or graceful failure allowed)                                          # StepDefinitions.CapstoneHomePageSteps.the_registration_attempt_should_be_recorded_success_or_graceful_failure_allowed()
Browser closed after the scenario
]]></system-out>
    <system-err><![CDATA[Sep 09, 2025 1:31:59 AM org.openqa.selenium.devtools.CdpVersionFinder findNearestMatch
WARNING: Unable to find an exact match for CDP version 139, returning the closest version; found: 135; Please update to a Selenium version that supports CDP version 139
]]></system-err>
  </testcase>
  <testcase name="runScenario[&quot;Login attempt using previously-registered or fallback credentials&quot;, &quot;Optional[Home page and Account flows]&quot;](4)" classname="TestRunner.MyTestRunner" time="56.841">
    <system-out><![CDATA[
@login
Scenario Outline: Login attempt using previously-registered or fallback credentials               # src/test/resources/Features/home.feature:30
Browser launched before scenario
  Given the site base URL is "https://westfloridaahec.org"                                        # StepDefinitions.CapstoneHomePageSteps.the_site_base_url_is(java.lang.String)
  Given the user navigates to the "My Account" page                                               # StepDefinitions.CapstoneHomePageSteps.the_user_navigates_to_the_page(java.lang.String)
  When the user logs in with username_or_email "nietsiddhant@gmail.com" and password "JBLMAC@123" # StepDefinitions.CapstoneHomePageSteps.the_user_logs_in_with_username_or_email_and_password(java.lang.String,java.lang.String)
Login attempt recorded. Logged-in indicator: true
  Then the login attempt should be recorded (logged-in indicator or graceful failure)             # StepDefinitions.CapstoneHomePageSteps.the_login_attempt_should_be_recorded_logged_in_indicator_or_graceful_failure()
Browser closed after the scenario
]]></system-out>
    <system-err><![CDATA[Sep 09, 2025 1:32:20 AM org.openqa.selenium.devtools.CdpVersionFinder findNearestMatch
WARNING: Unable to find an exact match for CDP version 139, returning the closest version; found: 135; Please update to a Selenium version that supports CDP version 139
]]></system-err>
  </testcase>
  <testcase name="runScenario[&quot;Login attempt using previously-registered or fallback credentials&quot;, &quot;Optional[Home page and Account flows]&quot;](5)" classname="TestRunner.MyTestRunner" time="29.673">
    <system-out><![CDATA[
@login
Scenario Outline: Login attempt using previously-registered or fallback credentials                 # src/test/resources/Features/home.feature:31
Browser launched before scenario
  Given the site base URL is "https://westfloridaahec.org"                                          # StepDefinitions.CapstoneHomePageSteps.the_site_base_url_is(java.lang.String)
  Given the user navigates to the "My Account" page                                                 # StepDefinitions.CapstoneHomePageSteps.the_user_navigates_to_the_page(java.lang.String)
  When the user logs in with username_or_email "jyotirmaypanja@gmail.com" and password "Jyoti@2020" # StepDefinitions.CapstoneHomePageSteps.the_user_logs_in_with_username_or_email_and_password(java.lang.String,java.lang.String)
Login attempt recorded. Logged-in indicator: true
  Then the login attempt should be recorded (logged-in indicator or graceful failure)               # StepDefinitions.CapstoneHomePageSteps.the_login_attempt_should_be_recorded_logged_in_indicator_or_graceful_failure()
Browser closed after the scenario
]]></system-out>
    <system-err><![CDATA[Sep 09, 2025 1:33:17 AM org.openqa.selenium.devtools.CdpVersionFinder findNearestMatch
WARNING: Unable to find an exact match for CDP version 139, returning the closest version; found: 135; Please update to a Selenium version that supports CDP version 139
]]></system-err>
  </testcase>
  <testcase name="runScenario[&quot;Home page basic verification&quot;, &quot;Optional[Home page and Account flows]&quot;](6)" classname="TestRunner.MyTestRunner" time="11.13">
    <system-out><![CDATA[
@homebasic
Scenario: Home page basic verification                     # src/test/resources/Features/home.feature:34
Browser launched before scenario
  Given the site base URL is "https://westfloridaahec.org" # StepDefinitions.CapstoneHomePageSteps.the_site_base_url_is(java.lang.String)
  Given the user is on the Home page                       # StepDefinitions.CapstoneHomePageSteps.the_user_is_on_the_home_page()
  Then the navigation menu should be present               # StepDefinitions.CapstoneHomePageSteps.the_navigation_menu_should_be_present()
  And the search input should be present                   # StepDefinitions.CapstoneHomePageSteps.the_search_input_should_be_present()
Browser closed after the scenario
]]></system-out>
    <system-err><![CDATA[Sep 09, 2025 1:33:47 AM org.openqa.selenium.devtools.CdpVersionFinder findNearestMatch
WARNING: Unable to find an exact match for CDP version 139, returning the closest version; found: 135; Please update to a Selenium version that supports CDP version 139
]]></system-err>
  </testcase>
  <testcase name="runScenario[&quot;Hovering Programs menu shows sub-links&quot;, &quot;Optional[Home page and Account flows]&quot;](7)" classname="TestRunner.MyTestRunner" time="16.049">
    <system-out><![CDATA[
@hover @navigation
Scenario: Hovering Programs menu shows sub-links           # src/test/resources/Features/home.feature:40
Browser launched before scenario
  Given the site base URL is "https://westfloridaahec.org" # StepDefinitions.CapstoneHomePageSteps.the_site_base_url_is(java.lang.String)
  Given the user is on the Home page                       # StepDefinitions.CapstoneHomePageSteps.the_user_is_on_the_home_page()
  When the user hovers over the "Programs" menu            # StepDefinitions.CapstoneHomePageSteps.the_user_hovers_over_the_menu(java.lang.String)
  Then the "Tobacco" link should be visible under Programs # StepDefinitions.CapstoneHomePageSteps.the_link_should_be_visible_under_programs(java.lang.String)
Browser closed after the scenario
]]></system-out>
    <system-err><![CDATA[Sep 09, 2025 1:33:58 AM org.openqa.selenium.devtools.CdpVersionFinder findNearestMatch
WARNING: Unable to find an exact match for CDP version 139, returning the closest version; found: 135; Please update to a Selenium version that supports CDP version 139
]]></system-err>
  </testcase>
  <testcase name="runScenario[&quot;Health programs are listed under Programs&quot;, &quot;Optional[Home page and Account flows]&quot;](8)" classname="TestRunner.MyTestRunner" time="6.318">
    <system-out><![CDATA[
@programs
Scenario: Health programs are listed under Programs        # src/test/resources/Features/home.feature:46
Browser launched before scenario
  Given the site base URL is "https://westfloridaahec.org" # StepDefinitions.CapstoneHomePageSteps.the_site_base_url_is(java.lang.String)
  Given the user is on the Home page                       # StepDefinitions.CapstoneHomePageSteps.the_user_is_on_the_home_page()
  When the user expands the Programs menu                  # StepDefinitions.CapstoneHomePageSteps.the_user_expands_the_programs_menu()
  Then the following program links should be visible:      # StepDefinitions.CapstoneHomePageSteps.the_following_program_links_should_be_visible(io.cucumber.datatable.DataTable)
Browser closed after the scenario
]]></system-out>
    <system-err><![CDATA[Sep 09, 2025 1:34:14 AM org.openqa.selenium.devtools.CdpVersionFinder findNearestMatch
WARNING: Unable to find an exact match for CDP version 139, returning the closest version; found: 135; Please update to a Selenium version that supports CDP version 139
]]></system-err>
  </testcase>
  <testcase name="runScenario[&quot;At least one expected resource link is present on Home page&quot;, &quot;Optional[Home page and Account flows]&quot;](9)" classname="TestRunner.MyTestRunner" time="7.276">
    <system-out><![CDATA[
@resources
Scenario: At least one expected resource link is present on Home page # src/test/resources/Features/home.feature:56
Browser launched before scenario
  Given the site base URL is "https://westfloridaahec.org"            # StepDefinitions.CapstoneHomePageSteps.the_site_base_url_is(java.lang.String)
  Given the user is on the Home page                                  # StepDefinitions.CapstoneHomePageSteps.the_user_is_on_the_home_page()
  Then at least one resource link from the list should be visible:    # StepDefinitions.CapstoneHomePageSteps.at_least_one_resource_link_from_the_list_should_be_visible(io.cucumber.datatable.DataTable)
Browser closed after the scenario
]]></system-out>
    <system-err><![CDATA[Sep 09, 2025 1:34:20 AM org.openqa.selenium.devtools.CdpVersionFinder findNearestMatch
WARNING: Unable to find an exact match for CDP version 139, returning the closest version; found: 135; Please update to a Selenium version that supports CDP version 139
]]></system-err>
  </testcase>
  <testcase name="runScenario[&quot;Search returns results for a query&quot;, &quot;Optional[Home page and Account flows]&quot;](10)" classname="TestRunner.MyTestRunner" time="21.625">
    <system-out><![CDATA[
@search
Scenario: Search returns results for a query                # src/test/resources/Features/home.feature:66
Browser launched before scenario
  Given the site base URL is "https://westfloridaahec.org"  # StepDefinitions.CapstoneHomePageSteps.the_site_base_url_is(java.lang.String)
  Given the user is on the Home page                        # StepDefinitions.CapstoneHomePageSteps.the_user_is_on_the_home_page()
  When the user searches for "tobacco"                      # StepDefinitions.CapstoneHomePageSteps.the_user_searches_for(java.lang.String)
  Then the search results should contain the term "tobacco" # StepDefinitions.CapstoneHomePageSteps.the_search_results_should_contain_the_term(java.lang.String)
Browser closed after the scenario
]]></system-out>
    <system-err><![CDATA[Sep 09, 2025 1:34:27 AM org.openqa.selenium.devtools.CdpVersionFinder findNearestMatch
WARNING: Unable to find an exact match for CDP version 139, returning the closest version; found: 135; Please update to a Selenium version that supports CDP version 139
]]></system-err>
  </testcase>
  <testcase name="runScenario[&quot;Navigate to Tobacco Program&quot;, &quot;Optional[Verify Health Programs navigation]&quot;](11)" classname="TestRunner.MyTestRunner" time="7.624">
    <system-out><![CDATA[
Scenario: Navigate to Tobacco Program                # src/test/resources/Features/programs.feature:3
Browser launched before scenario
  Given user opens to homepage for programs          # StepDefinitions.ProgramsSteps.user_opens_to_homepage_for_programs()
  When user navigate to "Tobacco"                    # StepDefinitions.ProgramsSteps.user_navigate_to(java.lang.String)
  Then "Tobacco" program content should be displayed # StepDefinitions.ProgramsSteps.program_content_should_be_displayed(java.lang.String)
Browser closed after the scenario
]]></system-out>
    <system-err><![CDATA[Sep 09, 2025 1:34:49 AM org.openqa.selenium.devtools.CdpVersionFinder findNearestMatch
WARNING: Unable to find an exact match for CDP version 139, returning the closest version; found: 135; Please update to a Selenium version that supports CDP version 139
Sep 09, 2025 1:34:50 AM org.openqa.selenium.devtools.CdpVersionFinder findNearestMatch
WARNING: Unable to find an exact match for CDP version 139, returning the closest version; found: 135; Please update to a Selenium version that supports CDP version 139
]]></system-err>
  </testcase>
  <testcase name="runScenario[&quot;Navigate to AHEC Scholars Program&quot;, &quot;Optional[Verify Health Programs navigation]&quot;](12)" classname="TestRunner.MyTestRunner" time="10.528">
    <system-out><![CDATA[
Scenario: Navigate to AHEC Scholars Program                # src/test/resources/Features/programs.feature:10
Browser launched before scenario
  Given user opens the homepage for programs               # StepDefinitions.ProgramsSteps.user_opens_the_homepage_for_programs()
  When user hovers on Programs and clicks "AHEC Scholars"  # StepDefinitions.ProgramsSteps.user_hovers_on_programs_and_clicks(java.lang.String)
  Then "AHEC Scholars" program content should be displayed # StepDefinitions.ProgramsSteps.program_content_should_be_displayed(java.lang.String)
Browser closed after the scenario
]]></system-out>
    <system-err><![CDATA[Sep 09, 2025 1:34:57 AM org.openqa.selenium.devtools.CdpVersionFinder findNearestMatch
WARNING: Unable to find an exact match for CDP version 139, returning the closest version; found: 135; Please update to a Selenium version that supports CDP version 139
Sep 09, 2025 1:34:58 AM org.openqa.selenium.devtools.CdpVersionFinder findNearestMatch
WARNING: Unable to find an exact match for CDP version 139, returning the closest version; found: 135; Please update to a Selenium version that supports CDP version 139
]]></system-err>
  </testcase>
  <testcase name="runScenario[&quot;Navigate to Healthy Aging Program&quot;, &quot;Optional[Verify Health Programs navigation]&quot;](13)" classname="TestRunner.MyTestRunner" time="18.522">
    <system-out><![CDATA[
Scenario: Navigate to Healthy Aging Program                # src/test/resources/Features/programs.feature:15
Browser launched before scenario
  Given user opens the homepage for programs               # StepDefinitions.ProgramsSteps.user_opens_the_homepage_for_programs()
  When user hovers on Programs and clicks "Healthy Aging"  # StepDefinitions.ProgramsSteps.user_hovers_on_programs_and_clicks(java.lang.String)
  Then "Healthy Aging" program content should be displayed # StepDefinitions.ProgramsSteps.program_content_should_be_displayed(java.lang.String)
Browser closed after the scenario
]]></system-out>
    <system-err><![CDATA[Sep 09, 2025 1:35:07 AM org.openqa.selenium.devtools.CdpVersionFinder findNearestMatch
WARNING: Unable to find an exact match for CDP version 139, returning the closest version; found: 135; Please update to a Selenium version that supports CDP version 139
Sep 09, 2025 1:35:09 AM org.openqa.selenium.devtools.CdpVersionFinder findNearestMatch
WARNING: Unable to find an exact match for CDP version 139, returning the closest version; found: 135; Please update to a Selenium version that supports CDP version 139
]]></system-err>
  </testcase>
  <testcase name="runScenario[&quot;Navigate to Covering Florida Program&quot;, &quot;Optional[Verify Health Programs navigation]&quot;](14)" classname="TestRunner.MyTestRunner" time="12.445">
    <system-out><![CDATA[
Scenario: Navigate to Covering Florida Program                # src/test/resources/Features/programs.feature:20
Browser launched before scenario
  Given user opens the homepage for programs                  # StepDefinitions.ProgramsSteps.user_opens_the_homepage_for_programs()
  When user hovers on Programs and clicks "Covering Florida"  # StepDefinitions.ProgramsSteps.user_hovers_on_programs_and_clicks(java.lang.String)
  Then "Covering Florida" program content should be displayed # StepDefinitions.ProgramsSteps.program_content_should_be_displayed(java.lang.String)
Browser closed after the scenario
]]></system-out>
    <system-err><![CDATA[Sep 09, 2025 1:35:26 AM org.openqa.selenium.devtools.CdpVersionFinder findNearestMatch
WARNING: Unable to find an exact match for CDP version 139, returning the closest version; found: 135; Please update to a Selenium version that supports CDP version 139
Sep 09, 2025 1:35:27 AM org.openqa.selenium.devtools.CdpVersionFinder findNearestMatch
WARNING: Unable to find an exact match for CDP version 139, returning the closest version; found: 135; Please update to a Selenium version that supports CDP version 139
]]></system-err>
  </testcase>
</testsuite>