<?xml version="1.0" encoding="UTF-8"?>
<!-- Generated by org.testng.reporters.JUnitReportReporter -->
<testsuite hostname="PLACID" failures="0" tests="14" name="TestRunner.MyTestRunner" time="146.942" errors="0" timestamp="2025-09-09T09:44:01 IST" skipped="0">
  <testcase classname="TestRunner.MyTestRunner" name="runScenario" time="10.414"/>
  <testcase classname="TestRunner.MyTestRunner" name="runScenario" time="16.201"/>
  <testcase classname="TestRunner.MyTestRunner" name="runScenario" time="9.293"/>
  <testcase classname="TestRunner.MyTestRunner" name="runScenario" time="18.174"/>
  <testcase classname="TestRunner.MyTestRunner" name="runScenario" time="5.218"/>
  <testcase classname="TestRunner.MyTestRunner" name="runScenario" time="7.379"/>
  <testcase classname="TestRunner.MyTestRunner" name="runScenario" time="8.122"/>
  <testcase classname="TestRunner.MyTestRunner" name="runScenario" time="6.131"/>
  <testcase classname="TestRunner.MyTestRunner" name="runScenario" time="5.555"/>
  <testcase classname="TestRunner.MyTestRunner" name="runScenario" time="5.998"/>
  <testcase classname="TestRunner.MyTestRunner" name="runScenario" time="24.580"/>
  <testcase classname="TestRunner.MyTestRunner" name="runScenario" time="13.640"/>
  <testcase classname="TestRunner.MyTestRunner" name="runScenario" time="7.711"/>
  <testcase classname="TestRunner.MyTestRunner" name="runScenario" time="8.526"/>
</testsuite> <!-- TestRunner.MyTestRunner -->
