<?xml version="1.0" encoding="UTF-8"?>
<!-- Generated by org.testng.reporters.JUnitReportReporter -->
<testsuite hostname="HemaSaiSireesha" failures="0" tests="14" name="TestRunner.MyTestRunner" time="244.408" errors="0" timestamp="2025-09-09T01:35:40 IST" skipped="0">
  <testcase classname="TestRunner.MyTestRunner" name="runScenario" time="11.130"/>
  <testcase classname="TestRunner.MyTestRunner" name="runScenario" time="7.629"/>
  <testcase classname="TestRunner.MyTestRunner" name="runScenario" time="6.318"/>
  <testcase classname="TestRunner.MyTestRunner" name="runScenario" time="9.402"/>
  <testcase classname="TestRunner.MyTestRunner" name="runScenario" time="15.537"/>
  <testcase classname="TestRunner.MyTestRunner" name="runScenario" time="21.626"/>
  <testcase classname="TestRunner.MyTestRunner" name="runScenario" time="56.841"/>
  <testcase classname="TestRunner.MyTestRunner" name="runScenario" time="12.444"/>
  <testcase classname="TestRunner.MyTestRunner" name="runScenario" time="21.425"/>
  <testcase classname="TestRunner.MyTestRunner" name="runScenario" time="10.527"/>
  <testcase classname="TestRunner.MyTestRunner" name="runScenario" time="18.523"/>
  <testcase classname="TestRunner.MyTestRunner" name="runScenario" time="16.052"/>
  <testcase classname="TestRunner.MyTestRunner" name="runScenario" time="7.278"/>
  <testcase classname="TestRunner.MyTestRunner" name="runScenario" time="29.676"/>
</testsuite> <!-- TestRunner.MyTestRunner -->
